<?xml version="1.0" encoding="UTF-8"?>
<testsuite name="com.transformers.application.ApplicationTests" tests="16" skipped="0" failures="0" errors="0" timestamp="2021-03-10T15:53:33" hostname="192.168.254.104" time="0.34">
  <properties/>
  <testcase name="testGetSkill()" classname="com.transformers.application.ApplicationTests" time="0.089"/>
  <testcase name="testUpdateTransformer()" classname="com.transformers.application.ApplicationTests" time="0.073"/>
  <testcase name="testTeamBattleWithOptimusPrimeVSPredaking3x3()" classname="com.transformers.application.ApplicationTests" time="0.013"/>
  <testcase name="testStartBattleWithHighCourageAndStrengthDecepticons()" classname="com.transformers.application.ApplicationTests" time="0.008"/>
  <testcase name="testTeamBattleWithPredaking3x3()" classname="com.transformers.application.ApplicationTests" time="0.009"/>
  <testcase name="testGetTransformers()" classname="com.transformers.application.ApplicationTests" time="0.006"/>
  <testcase name="testAddTransformers()" classname="com.transformers.application.ApplicationTests" time="0.008"/>
  <testcase name="testNoRecordsFoundINGetAllTransformers()" classname="com.transformers.application.ApplicationTests" time="0.005"/>
  <testcase name="testDeleteTransformer()" classname="com.transformers.application.ApplicationTests" time="0.012"/>
  <testcase name="testStartBattleHighCourageAndStrengthAutobots()" classname="com.transformers.application.ApplicationTests" time="0.008"/>
  <testcase name="testStartBattlewithHighSkills()" classname="com.transformers.application.ApplicationTests" time="0.015"/>
  <testcase name="testTeamBattleWithOptimusPrime3x3()" classname="com.transformers.application.ApplicationTests" time="0.012"/>
  <testcase name="testNoRecordFoundINExecuteBattle()" classname="com.transformers.application.ApplicationTests" time="0.009"/>
  <testcase name="testTeamBattle3x2()" classname="com.transformers.application.ApplicationTests" time="0.01"/>
  <testcase name="testTeamBattle3x3()" classname="com.transformers.application.ApplicationTests" time="0.011"/>
  <testcase name="testStartBattleWhenSkillsAreTie()" classname="com.transformers.application.ApplicationTests" time="0.006"/>
  <system-out><![CDATA[23:53:21.062 [Test worker] DEBUG org.springframework.test.context.BootstrapUtils - Instantiating CacheAwareContextLoaderDelegate from class [org.springframework.test.context.cache.DefaultCacheAwareContextLoaderDelegate]
23:53:21.078 [Test worker] DEBUG org.springframework.test.context.BootstrapUtils - Instantiating BootstrapContext using constructor [public org.springframework.test.context.support.DefaultBootstrapContext(java.lang.Class,org.springframework.test.context.CacheAwareContextLoaderDelegate)]
23:53:21.130 [Test worker] DEBUG org.springframework.test.context.BootstrapUtils - Instantiating TestContextBootstrapper for test class [com.transformers.application.ApplicationTests] from class [org.springframework.boot.test.context.SpringBootTestContextBootstrapper]
23:53:21.145 [Test worker] INFO org.springframework.boot.test.context.SpringBootTestContextBootstrapper - Neither @ContextConfiguration nor @ContextHierarchy found for test class [com.transformers.application.ApplicationTests], using SpringBootContextLoader
23:53:21.153 [Test worker] DEBUG org.springframework.test.context.support.AbstractContextLoader - Did not detect default resource location for test class [com.transformers.application.ApplicationTests]: class path resource [com/transformers/application/ApplicationTests-context.xml] does not exist
23:53:21.153 [Test worker] DEBUG org.springframework.test.context.support.AbstractContextLoader - Did not detect default resource location for test class [com.transformers.application.ApplicationTests]: class path resource [com/transformers/application/ApplicationTestsContext.groovy] does not exist
23:53:21.154 [Test worker] INFO org.springframework.test.context.support.AbstractContextLoader - Could not detect default resource locations for test class [com.transformers.application.ApplicationTests]: no resource found for suffixes {-context.xml, Context.groovy}.
23:53:21.155 [Test worker] INFO org.springframework.test.context.support.AnnotationConfigContextLoaderUtils - Could not detect default configuration classes for test class [com.transformers.application.ApplicationTests]: ApplicationTests does not declare any static, non-private, non-final, nested classes annotated with @Configuration.
23:53:21.244 [Test worker] DEBUG org.springframework.test.context.support.ActiveProfilesUtils - Could not find an 'annotation declaring class' for annotation type [org.springframework.test.context.ActiveProfiles] and class [com.transformers.application.ApplicationTests]
23:53:21.323 [Test worker] DEBUG org.springframework.context.annotation.ClassPathScanningCandidateComponentProvider - Identified candidate component class: file [/Users/carmelitomorada/Work/Repository/application-exam/TransformerApplication/build/classes/java/main/com/transformers/application/Application.class]
23:53:21.325 [Test worker] INFO org.springframework.boot.test.context.SpringBootTestContextBootstrapper - Found @SpringBootConfiguration com.transformers.application.Application for test class com.transformers.application.ApplicationTests
23:53:21.459 [Test worker] DEBUG org.springframework.boot.test.context.SpringBootTestContextBootstrapper - @TestExecutionListeners is not present for class [com.transformers.application.ApplicationTests]: using defaults.
23:53:21.460 [Test worker] INFO org.springframework.boot.test.context.SpringBootTestContextBootstrapper - Loaded default TestExecutionListener class names from location [META-INF/spring.factories]: [org.springframework.boot.test.autoconfigure.restdocs.RestDocsTestExecutionListener, org.springframework.boot.test.autoconfigure.web.client.MockRestServiceServerResetTestExecutionListener, org.springframework.boot.test.autoconfigure.web.servlet.MockMvcPrintOnlyOnFailureTestExecutionListener, org.springframework.boot.test.autoconfigure.web.servlet.WebDriverTestExecutionListener, org.springframework.boot.test.autoconfigure.webservices.client.MockWebServiceServerTestExecutionListener, org.springframework.boot.test.mock.mockito.MockitoTestExecutionListener, org.springframework.boot.test.mock.mockito.ResetMocksTestExecutionListener, org.springframework.test.context.web.ServletTestExecutionListener, org.springframework.test.context.support.DirtiesContextBeforeModesTestExecutionListener, org.springframework.test.context.event.ApplicationEventsTestExecutionListener, org.springframework.test.context.support.DependencyInjectionTestExecutionListener, org.springframework.test.context.support.DirtiesContextTestExecutionListener, org.springframework.test.context.transaction.TransactionalTestExecutionListener, org.springframework.test.context.jdbc.SqlScriptsTestExecutionListener, org.springframework.test.context.event.EventPublishingTestExecutionListener]
23:53:21.479 [Test worker] INFO org.springframework.boot.test.context.SpringBootTestContextBootstrapper - Using TestExecutionListeners: [org.springframework.test.context.web.ServletTestExecutionListener@2bf7727, org.springframework.test.context.support.DirtiesContextBeforeModesTestExecutionListener@1075b425, org.springframework.test.context.event.ApplicationEventsTestExecutionListener@31952791, org.springframework.boot.test.mock.mockito.MockitoTestExecutionListener@a9a0f3a, org.springframework.boot.test.autoconfigure.SpringBootDependencyInjectionTestExecutionListener@73654701, org.springframework.test.context.support.DirtiesContextTestExecutionListener@4e8c11d4, org.springframework.test.context.transaction.TransactionalTestExecutionListener@56bd0e3b, org.springframework.test.context.jdbc.SqlScriptsTestExecutionListener@c843809, org.springframework.test.context.event.EventPublishingTestExecutionListener@55003bd7, org.springframework.boot.test.autoconfigure.restdocs.RestDocsTestExecutionListener@7bac8212, org.springframework.boot.test.autoconfigure.web.client.MockRestServiceServerResetTestExecutionListener@45de878a, org.springframework.boot.test.autoconfigure.web.servlet.MockMvcPrintOnlyOnFailureTestExecutionListener@6837bb48, org.springframework.boot.test.autoconfigure.web.servlet.WebDriverTestExecutionListener@3cbdfb1a, org.springframework.boot.test.autoconfigure.webservices.client.MockWebServiceServerTestExecutionListener@239e428d, org.springframework.boot.test.mock.mockito.ResetMocksTestExecutionListener@12cd73a3]
23:53:21.489 [Test worker] DEBUG org.springframework.test.context.support.AbstractDirtiesContextTestExecutionListener - Before test class: context [DefaultTestContext@5d0a1943 testClass = ApplicationTests, testInstance = [null], testMethod = [null], testException = [null], mergedContextConfiguration = [WebMergedContextConfiguration@74a54e8 testClass = ApplicationTests, locations = '{}', classes = '{class com.transformers.application.Application}', contextInitializerClasses = '[]', activeProfiles = '{}', propertySourceLocations = '{}', propertySourceProperties = '{org.springframework.boot.test.context.SpringBootTestContextBootstrapper=true}', contextCustomizers = set[org.springframework.boot.test.autoconfigure.actuate.metrics.MetricsExportContextCustomizerFactory$DisableMetricExportContextCustomizer@2382897, org.springframework.boot.test.autoconfigure.properties.PropertyMappingContextCustomizer@0, org.springframework.boot.test.autoconfigure.web.servlet.WebDriverContextCustomizerFactory$Customizer@17505344, org.springframework.boot.test.context.filter.ExcludeFilterContextCustomizer@10999732, org.springframework.boot.test.json.DuplicateJsonObjectContextCustomizerFactory$DuplicateJsonObjectContextCustomizer@1b295626, org.springframework.boot.test.mock.mockito.MockitoContextCustomizer@0, org.springframework.boot.test.web.client.TestRestTemplateContextCustomizer@3f1096b7, org.springframework.boot.test.context.SpringBootTestArgs@1, org.springframework.boot.test.context.SpringBootTestWebEnvironment@686e7bc8], resourceBasePath = 'src/main/webapp', contextLoader = 'org.springframework.boot.test.context.SpringBootContextLoader', parent = [null]], attributes = map['org.springframework.test.context.web.ServletTestExecutionListener.activateListener' -> true]], class annotated with @DirtiesContext [false] with mode [null].
23:53:21.530 [Test worker] DEBUG org.springframework.test.context.support.TestPropertySourceUtils - Adding inlined properties to environment: {spring.jmx.enabled=false, org.springframework.boot.test.context.SpringBootTestContextBootstrapper=true}

  .   ____          _            __ _ _
 /\\ / ___'_ __ _ _(_)_ __  __ _ \ \ \ \
( ( )\___ | '_ | '_| | '_ \/ _` | \ \ \ \
 \\/  ___)| |_)| | | | | || (_| |  ) ) ) )
  '  |____| .__|_| |_|_| |_\__, | / / / /
 =========|_|==============|___/=/_/_/_/
 :: Spring Boot ::                (v2.4.3)

2021-03-10 23:53:21.874  INFO 28845 --- [    Test worker] c.t.application.ApplicationTests         : Starting ApplicationTests using Java 1.8.0_162 on 192.168.254.104 with PID 28845 (started by carmelitomorada in /Users/carmelitomorada/Work/Repository/application-exam/TransformerApplication)
2021-03-10 23:53:21.877  INFO 28845 --- [    Test worker] c.t.application.ApplicationTests         : No active profile set, falling back to default profiles: default
2021-03-10 23:53:24.492  INFO 28845 --- [    Test worker] .s.d.r.c.RepositoryConfigurationDelegate : Bootstrapping Spring Data JPA repositories in DEFAULT mode.
2021-03-10 23:53:24.594  INFO 28845 --- [    Test worker] .s.d.r.c.RepositoryConfigurationDelegate : Finished Spring Data repository scanning in 88 ms. Found 1 JPA repository interfaces.
2021-03-10 23:53:25.517  INFO 28845 --- [    Test worker] com.zaxxer.hikari.HikariDataSource       : HikariPool-1 - Starting...
2021-03-10 23:53:25.787  INFO 28845 --- [    Test worker] com.zaxxer.hikari.HikariDataSource       : HikariPool-1 - Start completed.
2021-03-10 23:53:25.883  INFO 28845 --- [    Test worker] o.hibernate.jpa.internal.util.LogHelper  : HHH000204: Processing PersistenceUnitInfo [name: default]
2021-03-10 23:53:25.978  INFO 28845 --- [    Test worker] org.hibernate.Version                    : HHH000412: Hibernate ORM core version 5.4.28.Final
2021-03-10 23:53:26.192  INFO 28845 --- [    Test worker] o.hibernate.annotations.common.Version   : HCANN000001: Hibernate Commons Annotations {5.1.2.Final}
2021-03-10 23:53:26.445  INFO 28845 --- [    Test worker] org.hibernate.dialect.Dialect            : HHH000400: Using dialect: org.hibernate.dialect.H2Dialect
Hibernate: drop table if exists TRANSFORMER CASCADE 
Hibernate: create table TRANSFORMER (TRANSFORMER_ID bigint generated by default as identity, COURAGE bigint, ENDURANCE bigint, FIREPOWER bigint, INTELLIGENCE bigint, RANK bigint, SKILL bigint, SPEED bigint, STRENGTH bigint, TRANSFORMER_NAME varchar(255), TRANSFORMER_TEAM varchar(255), primary key (TRANSFORMER_ID))
2021-03-10 23:53:27.576  INFO 28845 --- [    Test worker] o.h.e.t.j.p.i.JtaPlatformInitiator       : HHH000490: Using JtaPlatform implementation: [org.hibernate.engine.transaction.jta.platform.internal.NoJtaPlatform]
2021-03-10 23:53:27.585  INFO 28845 --- [    Test worker] j.LocalContainerEntityManagerFactoryBean : Initialized JPA EntityManagerFactory for persistence unit 'default'
2021-03-10 23:53:29.197  WARN 28845 --- [    Test worker] JpaBaseConfiguration$JpaWebConfiguration : spring.jpa.open-in-view is enabled by default. Therefore, database queries may be performed during view rendering. Explicitly configure spring.jpa.open-in-view to disable this warning
2021-03-10 23:53:29.611  INFO 28845 --- [    Test worker] o.s.b.a.h2.H2ConsoleAutoConfiguration    : H2 console available at '/h2'. Database available at 'jdbc:h2:mem:transformer'
2021-03-10 23:53:30.019  INFO 28845 --- [    Test worker] o.s.b.a.e.web.EndpointLinksResolver      : Exposing 2 endpoint(s) beneath base path '/actuator'
2021-03-10 23:53:30.541  INFO 28845 --- [    Test worker] pertySourcedRequestMappingHandlerMapping : Mapped URL path [/v2/api-docs] onto method [springfox.documentation.swagger2.web.Swagger2Controller#getDocumentation(String, HttpServletRequest)]
2021-03-10 23:53:31.527  INFO 28845 --- [    Test worker] o.s.s.concurrent.ThreadPoolTaskExecutor  : Initializing ExecutorService 'applicationTaskExecutor'
2021-03-10 23:53:32.610  INFO 28845 --- [    Test worker] d.s.w.p.DocumentationPluginsBootstrapper : Context refreshed
2021-03-10 23:53:32.671  INFO 28845 --- [    Test worker] d.s.w.p.DocumentationPluginsBootstrapper : Found 1 custom documentation plugin(s)
2021-03-10 23:53:32.728  INFO 28845 --- [    Test worker] s.d.s.w.s.ApiListingReferenceScanner     : Scanning for api listing references
2021-03-10 23:53:33.169  INFO 28845 --- [    Test worker] c.t.application.ApplicationTests         : Started ApplicationTests in 11.624 seconds (JVM running for 13.259)
Hibernate: insert into TRANSFORMER (TRANSFORMER_ID, COURAGE, ENDURANCE, FIREPOWER, INTELLIGENCE, RANK, SKILL, SPEED, STRENGTH, TRANSFORMER_NAME, TRANSFORMER_TEAM) values (null, ?, ?, ?, ?, ?, ?, ?, ?, ?, ?)
Hibernate: insert into TRANSFORMER (TRANSFORMER_ID, COURAGE, ENDURANCE, FIREPOWER, INTELLIGENCE, RANK, SKILL, SPEED, STRENGTH, TRANSFORMER_NAME, TRANSFORMER_TEAM) values (null, ?, ?, ?, ?, ?, ?, ?, ?, ?, ?)
Hibernate: insert into TRANSFORMER (TRANSFORMER_ID, COURAGE, ENDURANCE, FIREPOWER, INTELLIGENCE, RANK, SKILL, SPEED, STRENGTH, TRANSFORMER_NAME, TRANSFORMER_TEAM) values (null, ?, ?, ?, ?, ?, ?, ?, ?, ?, ?)
Hibernate: insert into TRANSFORMER (TRANSFORMER_ID, COURAGE, ENDURANCE, FIREPOWER, INTELLIGENCE, RANK, SKILL, SPEED, STRENGTH, TRANSFORMER_NAME, TRANSFORMER_TEAM) values (null, ?, ?, ?, ?, ?, ?, ?, ?, ?, ?)
Hibernate: insert into TRANSFORMER (TRANSFORMER_ID, COURAGE, ENDURANCE, FIREPOWER, INTELLIGENCE, RANK, SKILL, SPEED, STRENGTH, TRANSFORMER_NAME, TRANSFORMER_TEAM) values (null, ?, ?, ?, ?, ?, ?, ?, ?, ?, ?)
Hibernate: insert into TRANSFORMER (TRANSFORMER_ID, COURAGE, ENDURANCE, FIREPOWER, INTELLIGENCE, RANK, SKILL, SPEED, STRENGTH, TRANSFORMER_NAME, TRANSFORMER_TEAM) values (null, ?, ?, ?, ?, ?, ?, ?, ?, ?, ?)
2021-03-10 23:53:34.081  INFO 28845 --- [    Test worker] c.t.a.service.TransformerServiceImpl     : autobots: Optimus Prime vs decepticons: Predaking
2021-03-10 23:53:34.082  INFO 28845 --- [    Test worker] c.t.a.service.TransformerServiceImpl     : GAME OVER
2021-03-10 23:53:34.093  INFO 28845 --- [    Test worker] c.t.a.service.TransformerServiceImpl     : decepticon win.
2021-03-10 23:53:34.105  INFO 28845 --- [    Test worker] c.t.a.service.TransformerServiceImpl     : autobots: Hubcap vs decepticons: Predaking
2021-03-10 23:53:34.105  INFO 28845 --- [    Test worker] c.t.a.service.TransformerServiceImpl     : decepticon wins
2021-03-10 23:53:34.106  INFO 28845 --- [    Test worker] c.t.a.service.TransformerServiceImpl     : autobots: Hound vs decepticons: Megatron
2021-03-10 23:53:34.106  INFO 28845 --- [    Test worker] c.t.a.service.TransformerServiceImpl     : Transformers destroyed
2021-03-10 23:53:34.106  INFO 28845 --- [    Test worker] c.t.a.service.TransformerServiceImpl     : autobots: Mirage vs decepticons: Shockwave
2021-03-10 23:53:34.106  INFO 28845 --- [    Test worker] c.t.a.service.TransformerServiceImpl     : autobots win.
2021-03-10 23:53:34.150 ERROR 28845 --- [    Test worker] c.t.a.service.TransformerServiceImpl     : No Record(s) Found.
2021-03-10 23:53:34.172  INFO 28845 --- [    Test worker] c.t.a.service.TransformerServiceImpl     : autobots win.
2021-03-10 23:53:34.190  INFO 28845 --- [    Test worker] c.t.a.service.TransformerServiceImpl     : decepticon win.
2021-03-10 23:53:34.202  INFO 28845 --- [    Test worker] c.t.a.service.TransformerServiceImpl     : autobots: Optimus Prime vs decepticons: Soundwave
2021-03-10 23:53:34.202  INFO 28845 --- [    Test worker] c.t.a.service.TransformerServiceImpl     : autobots win.
2021-03-10 23:53:34.203  INFO 28845 --- [    Test worker] c.t.a.service.TransformerServiceImpl     : autobots: Hound vs decepticons: Megatron
2021-03-10 23:53:34.203  INFO 28845 --- [    Test worker] c.t.a.service.TransformerServiceImpl     : Transformers destroyed
2021-03-10 23:53:34.203  INFO 28845 --- [    Test worker] c.t.a.service.TransformerServiceImpl     : autobots: Mirage vs decepticons: Shockwave
2021-03-10 23:53:34.204  INFO 28845 --- [    Test worker] c.t.a.service.TransformerServiceImpl     : autobots win.
2021-03-10 23:53:34.215 ERROR 28845 --- [    Test worker] c.t.a.service.TransformerServiceImpl     : Transfromer Id: 1, No Record(s) Found
2021-03-10 23:53:34.223  INFO 28845 --- [    Test worker] c.t.a.service.TransformerServiceImpl     : autobots: Hubcap vs decepticons: Soundwave
2021-03-10 23:53:34.223  INFO 28845 --- [    Test worker] c.t.a.service.TransformerServiceImpl     : decepticon win.
2021-03-10 23:53:34.223  INFO 28845 --- [    Test worker] c.t.a.service.TransformerServiceImpl     : autobots: Hound vs decepticons: Megatron
2021-03-10 23:53:34.223  INFO 28845 --- [    Test worker] c.t.a.service.TransformerServiceImpl     : Transformers destroyed
2021-03-10 23:53:34.237  INFO 28845 --- [    Test worker] c.t.a.service.TransformerServiceImpl     : autobots: Hubcap vs decepticons: Soundwave
2021-03-10 23:53:34.238  INFO 28845 --- [    Test worker] c.t.a.service.TransformerServiceImpl     : decepticon win.
2021-03-10 23:53:34.238  INFO 28845 --- [    Test worker] c.t.a.service.TransformerServiceImpl     : autobots: Hound vs decepticons: Megatron
2021-03-10 23:53:34.238  INFO 28845 --- [    Test worker] c.t.a.service.TransformerServiceImpl     : Transformers destroyed
2021-03-10 23:53:34.238  INFO 28845 --- [    Test worker] c.t.a.service.TransformerServiceImpl     : autobots: Mirage vs decepticons: Shockwave
2021-03-10 23:53:34.239  INFO 28845 --- [    Test worker] c.t.a.service.TransformerServiceImpl     : autobots win.
2021-03-10 23:53:34.247  INFO 28845 --- [    Test worker] c.t.a.service.TransformerServiceImpl     : Transformers destroyed
]]></system-out>
  <system-err><![CDATA[]]></system-err>
</testsuite>
